<?xml version="1.0" encoding="UTF-8"?>
<!-- Generated by org.testng.reporters.JUnitXMLReporter -->
<testsuite hostname="DESKTOP-C8P738T" ignored="0" name="Test" tests="2" failures="1" timestamp="2020-08-09T20:18:05 IST" time="48.164" errors="0">
  <testcase name="validLoginLogout" time="0.265" classname="Com_ActiTime_Test.LoginLogoutTest">
    <failure type="java.lang.AssertionError" message="null">
      <![CDATA[java.lang.AssertionError: null
at Com_ActiTime_Generic.BasePage.verifyTitle(BasePage.java:31)
at Com_ActiTime_Test.LoginLogoutTest.validLoginLogout(LoginLogoutTest.java:21)
at java.util.ArrayList.forEach(ArrayList.java:1257)
... Removed 29 stack frames]]>
    </failure>
  </testcase> <!-- validLoginLogout -->
  <testcase name="ValidLoginLogout" time="8.816" classname="Com_ActiTime_Test.ValidLoginLogoutTest"/>
</testsuite> <!-- Test -->
