<?xml version="1.0" encoding="UTF-8"?>
<testng-results skipped="0" failed="0" ignored="0" total="1" passed="1">
  <reporter-output>
    <line>
      <![CDATA[The Tiltle is matching:actiTIME - Login]]>
    </line>
    <line>
      <![CDATA[The Tiltle is matching:actiTIME - Enter Time-Track]]>
    </line>
    <line>
      <![CDATA[The Tiltle is matching:actiTIME - Login]]>
    </line>
  </reporter-output>
  <suite name="Default suite" duration-ms="28667" started-at="2020-08-09T20:34:59 IST" finished-at="2020-08-09T20:35:28 IST">
    <groups>
    </groups>
    <test name="Default test" duration-ms="28667" started-at="2020-08-09T20:34:59 IST" finished-at="2020-08-09T20:35:28 IST">
      <class name="Com_ActiTime_Test.LoginLogoutTest">
        <test-method status="PASS" signature="precondition()[pri:0, instance:Com_ActiTime_Test.LoginLogoutTest@6321e813]" name="precondition" is-config="true" duration-ms="17158" started-at="2020-08-09T20:34:59 IST" finished-at="2020-08-09T20:35:17 IST">
          <reporter-output>
          </reporter-output>
        </test-method> <!-- precondition -->
        <test-method status="PASS" signature="ValidLoginLogout()[pri:1, instance:Com_ActiTime_Test.LoginLogoutTest@6321e813]" name="ValidLoginLogout" duration-ms="11256" started-at="2020-08-09T20:35:17 IST" finished-at="2020-08-09T20:35:28 IST">
          <reporter-output>
            <line>
              <![CDATA[The Tiltle is matching:actiTIME - Login]]>
            </line>
            <line>
              <![CDATA[The Tiltle is matching:actiTIME - Enter Time-Track]]>
            </line>
            <line>
              <![CDATA[The Tiltle is matching:actiTIME - Login]]>
            </line>
          </reporter-output>
        </test-method> <!-- ValidLoginLogout -->
        <test-method status="PASS" signature="postcondition(org.testng.ITestResult)[pri:0, instance:Com_ActiTime_Test.LoginLogoutTest@6321e813]" name="postcondition" is-config="true" duration-ms="166" started-at="2020-08-09T20:35:28 IST" finished-at="2020-08-09T20:35:28 IST">
          <params>
            <param index="0">
              <value>
                <![CDATA[[TestResult name=ValidLoginLogout status=SUCCESS method=LoginLogoutTest.ValidLoginLogout()[pri:1, instance:Com_ActiTime_Test.LoginLogoutTest@6321e813] output=The Tiltle is matching:actiTIME - Login]]]>
              </value>
            </param>
          </params>
          <reporter-output>
          </reporter-output>
        </test-method> <!-- postcondition -->
      </class> <!-- Com_ActiTime_Test.LoginLogoutTest -->
    </test> <!-- Default test -->
  </suite> <!-- Default suite -->
</testng-results>
